<?xml version="1.0" encoding="UTF-8"?>
<testng-results ignored="0" total="1" passed="1" failed="0" skipped="0">
  <reporter-output>
  </reporter-output>
  <suite started-at="2022-09-16T19:49:18 IST" name="Default suite" finished-at="2022-09-16T19:49:35 IST" duration-ms="16320">
    <groups>
    </groups>
    <test started-at="2022-09-16T19:49:18 IST" name="Default test" finished-at="2022-09-16T19:49:35 IST" duration-ms="16320">
      <class name="Skillrary.Testscripts.skillTest">
        <test-method signature="sampleTest()[pri:0, instance:Skillrary.Testscripts.skillTest@15bbf42f]" started-at="2022-09-16T19:49:18 IST" name="sampleTest" finished-at="2022-09-16T19:49:35 IST" duration-ms="16253" status="PASS">
          <reporter-output>
          </reporter-output>
        </test-method> <!-- sampleTest -->
      </class> <!-- Skillrary.Testscripts.skillTest -->
    </test> <!-- Default test -->
  </suite> <!-- Default suite -->
</testng-results>
