<?xml version="1.0" encoding="UTF-8"?>
<testng-results ignored="0" total="1" passed="1" failed="0" skipped="0">
  <reporter-output>
  </reporter-output>
  <suite started-at="2022-09-16T17:26:50 IST" name="Default suite" finished-at="2022-09-16T17:27:22 IST" duration-ms="32061">
    <groups>
    </groups>
    <test started-at="2022-09-16T17:26:50 IST" name="Default test" finished-at="2022-09-16T17:27:22 IST" duration-ms="32061">
      <class name="scripts.Testacse3">
        <test-method is-config="true" signature="openApp()[pri:0, instance:scripts.Testacse3@212b5695]" started-at="2022-09-16T17:26:50 IST" name="openApp" finished-at="2022-09-16T17:27:01 IST" duration-ms="11045" status="PASS">
          <reporter-output>
          </reporter-output>
        </test-method> <!-- openApp -->
        <test-method signature="tc3()[pri:0, instance:scripts.Testacse3@212b5695]" started-at="2022-09-16T17:27:01 IST" name="tc3" finished-at="2022-09-16T17:27:22 IST" duration-ms="20588" status="PASS">
          <reporter-output>
          </reporter-output>
        </test-method> <!-- tc3 -->
        <test-method is-config="true" signature="closeApp(org.testng.ITestResult)[pri:0, instance:scripts.Testacse3@212b5695]" started-at="2022-09-16T17:27:22 IST" name="closeApp" finished-at="2022-09-16T17:27:22 IST" duration-ms="386" status="PASS">
          <params>
            <param index="0">
              <value>
                <![CDATA[[TestResult name=tc3 status=SUCCESS method=Testacse3.tc3()[pri:0, instance:scripts.Testacse3@212b5695] output={null}]]]>
              </value>
            </param>
          </params>
          <reporter-output>
          </reporter-output>
        </test-method> <!-- closeApp -->
      </class> <!-- scripts.Testacse3 -->
    </test> <!-- Default test -->
  </suite> <!-- Default suite -->
</testng-results>
